<?xml version="1.0" encoding="UTF-8"?>
<testsuite name="TimeTest" tests="4" skipped="0" failures="0" errors="0" timestamp="2019-12-24T15:25:45" hostname="Mars.local" time="5.013">
  <properties/>
  <testcase name="testPauseUnPause" classname="TimeTest" time="2.004"/>
  <testcase name="testPause" classname="TimeTest" time="1.004"/>
  <testcase name="testTime" classname="TimeTest" time="1.004"/>
  <testcase name="testDeltaTime" classname="TimeTest" time="1.0"/>
  <system-out><![CDATA[]]></system-out>
  <system-err><![CDATA[Dec 24, 2019 6:25:46 PM com.mongodb.diagnostics.logging.JULLogger log
INFO: Opened connection [connectionId{localValue:4, serverValue:724469}] to ds241723.mlab.com:41723
Dec 24, 2019 6:25:46 PM com.mongodb.diagnostics.logging.JULLogger log
INFO: Opened connection [connectionId{localValue:2, serverValue:724470}] to ds241723.mlab.com:41723
Dec 24, 2019 6:25:46 PM com.mongodb.diagnostics.logging.JULLogger log
INFO: Opened connection [connectionId{localValue:1, serverValue:724471}] to ds241723.mlab.com:41723
Dec 24, 2019 6:25:46 PM com.mongodb.diagnostics.logging.JULLogger log
INFO: Opened connection [connectionId{localValue:3, serverValue:724472}] to ds241723.mlab.com:41723
Dec 24, 2019 6:25:46 PM com.mongodb.diagnostics.logging.JULLogger log
INFO: Monitor thread successfully connected to server with description ServerDescription{address=ds241723.mlab.com:41723, type=REPLICA_SET_PRIMARY, state=CONNECTED, ok=true, version=ServerVersion{versionList=[3, 6, 12]}, minWireVersion=0, maxWireVersion=6, maxDocumentSize=16777216, logicalSessionTimeoutMinutes=30, roundTripTimeNanos=136305155, setName='rs-ds241723', canonicalAddress=ds241723-a.mlab.com:41723, hosts=[ds241723-a.mlab.com:41723], passives=[], arbiters=[], primary='ds241723-a.mlab.com:41723', tagSet=TagSet{[]}, electionId=7fffffff0000000000000002, setVersion=1, lastWriteDate=Tue Dec 24 18:25:44 EET 2019, lastUpdateTimeNanos=286323507109275}
Dec 24, 2019 6:25:46 PM com.mongodb.diagnostics.logging.JULLogger log
INFO: Monitor thread successfully connected to server with description ServerDescription{address=ds241723.mlab.com:41723, type=REPLICA_SET_PRIMARY, state=CONNECTED, ok=true, version=ServerVersion{versionList=[3, 6, 12]}, minWireVersion=0, maxWireVersion=6, maxDocumentSize=16777216, logicalSessionTimeoutMinutes=30, roundTripTimeNanos=138231932, setName='rs-ds241723', canonicalAddress=ds241723-a.mlab.com:41723, hosts=[ds241723-a.mlab.com:41723], passives=[], arbiters=[], primary='ds241723-a.mlab.com:41723', tagSet=TagSet{[]}, electionId=7fffffff0000000000000002, setVersion=1, lastWriteDate=Tue Dec 24 18:25:44 EET 2019, lastUpdateTimeNanos=286323512022326}
Dec 24, 2019 6:25:46 PM com.mongodb.diagnostics.logging.JULLogger log
INFO: Monitor thread successfully connected to server with description ServerDescription{address=ds241723.mlab.com:41723, type=REPLICA_SET_PRIMARY, state=CONNECTED, ok=true, version=ServerVersion{versionList=[3, 6, 12]}, minWireVersion=0, maxWireVersion=6, maxDocumentSize=16777216, logicalSessionTimeoutMinutes=30, roundTripTimeNanos=140978520, setName='rs-ds241723', canonicalAddress=ds241723-a.mlab.com:41723, hosts=[ds241723-a.mlab.com:41723], passives=[], arbiters=[], primary='ds241723-a.mlab.com:41723', tagSet=TagSet{[]}, electionId=7fffffff0000000000000002, setVersion=1, lastWriteDate=Tue Dec 24 18:25:44 EET 2019, lastUpdateTimeNanos=286323522077856}
Dec 24, 2019 6:25:46 PM com.mongodb.diagnostics.logging.JULLogger log
INFO: Monitor thread successfully connected to server with description ServerDescription{address=ds241723.mlab.com:41723, type=REPLICA_SET_PRIMARY, state=CONNECTED, ok=true, version=ServerVersion{versionList=[3, 6, 12]}, minWireVersion=0, maxWireVersion=6, maxDocumentSize=16777216, logicalSessionTimeoutMinutes=30, roundTripTimeNanos=158691078, setName='rs-ds241723', canonicalAddress=ds241723-a.mlab.com:41723, hosts=[ds241723-a.mlab.com:41723], passives=[], arbiters=[], primary='ds241723-a.mlab.com:41723', tagSet=TagSet{[]}, electionId=7fffffff0000000000000002, setVersion=1, lastWriteDate=Tue Dec 24 18:25:44 EET 2019, lastUpdateTimeNanos=286323605814246}
]]></system-err>
</testsuite>
